<?xml version="1.0" encoding="UTF-8"?>
<testng-results ignored="0" total="1" passed="1" failed="0" skipped="0">
  <reporter-output>
  </reporter-output>
  <suite started-at="2022-08-17T12:18:45 IST" name="Default suite" finished-at="2022-08-17T12:18:48 IST" duration-ms="3283">
    <groups>
    </groups>
    <test started-at="2022-08-17T12:18:45 IST" name="Default test" finished-at="2022-08-17T12:18:48 IST" duration-ms="3283">
      <class name="demoj.demo1test">
        <test-method signature="demo1test()[pri:0, instance:demoj.demo1test@49912c99]" started-at="2022-08-17T12:18:45 IST" name="demo1test" finished-at="2022-08-17T12:18:48 IST" duration-ms="3241" status="PASS">
          <reporter-output>
          </reporter-output>
        </test-method> <!-- demo1test -->
      </class> <!-- demoj.demo1test -->
    </test> <!-- Default test -->
  </suite> <!-- Default suite -->
</testng-results>
