<?xml version="1.0" encoding="UTF-8"?>
<testng-results ignored="0" total="3" passed="3" failed="0" skipped="0">
  <reporter-output>
    <line>
      <![CDATA[hello demo2]]>
    </line>
    <line>
      <![CDATA[iam demo 3]]>
    </line>
    <line>
      <![CDATA[iam demo4]]>
    </line>
  </reporter-output>
  <suite started-at="2022-10-02T21:44:07 IST" name="Suite" finished-at="2022-10-02T21:44:07 IST" duration-ms="45">
    <groups>
    </groups>
    <test started-at="2022-10-02T21:44:07 IST" name="Test" finished-at="2022-10-02T21:44:07 IST" duration-ms="45">
      <class name="demoj.demo3test">
        <test-method signature="demo3test()[pri:0, instance:demoj.demo3test@6babf3bf]" started-at="2022-10-02T21:44:07 IST" name="demo3test" finished-at="2022-10-02T21:44:07 IST" duration-ms="1" status="PASS">
          <reporter-output>
            <line>
              <![CDATA[iam demo 3]]>
            </line>
          </reporter-output>
        </test-method> <!-- demo3test -->
      </class> <!-- demoj.demo3test -->
      <class name="demoj.demo4test">
        <test-method signature="demo4test()[pri:0, instance:demoj.demo4test@3059cbc]" started-at="2022-10-02T21:44:07 IST" name="demo4test" finished-at="2022-10-02T21:44:07 IST" duration-ms="0" status="PASS">
          <reporter-output>
            <line>
              <![CDATA[iam demo4]]>
            </line>
          </reporter-output>
        </test-method> <!-- demo4test -->
      </class> <!-- demoj.demo4test -->
      <class name="demoj.demo2test">
        <test-method signature="demo2()[pri:0, instance:demoj.demo2test@306f16f3]" started-at="2022-10-02T21:44:07 IST" name="demo2" finished-at="2022-10-02T21:44:07 IST" duration-ms="8" status="PASS">
          <reporter-output>
            <line>
              <![CDATA[hello demo2]]>
            </line>
          </reporter-output>
        </test-method> <!-- demo2 -->
      </class> <!-- demoj.demo2test -->
    </test> <!-- Test -->
  </suite> <!-- Suite -->
</testng-results>
